/opt/pytorch/lib/python3.13/site-packages/torch/cuda/__init__.py:63: FutureWarning: The pynvml package is deprecated. Please install nvidia-ml-py instead. If you did not install pynvml directly, please report this to the maintainers of the package that installed pynvml for you.
  import pynvml  # type: ignore[import]
Warning: You are sending unauthenticated requests to the HF Hub. Please set a HF_TOKEN to enable higher rate limits and faster downloads.

Fetching 2 files:   0%|          | 0/2 [00:00<?, ?it/s]
Fetching 2 files:  50%|█████     | 1/2 [00:34<00:34, 34.30s/it]
Fetching 2 files: 100%|██████████| 2/2 [00:34<00:00, 17.15s/it]

Loading weights:   0%|          | 0/729 [00:00<?, ?it/s]
Loading weights:   0%|          | 1/729 [00:00<04:22,  2.77it/s]
Loading weights:  24%|██▎       | 172/729 [00:00<00:01, 472.85it/s]
Loading weights:  36%|███▌      | 264/729 [00:00<00:00, 571.45it/s]
Loading weights:  48%|████▊     | 350/729 [00:00<00:00, 632.17it/s]
Loading weights:  69%|██████▊   | 500/729 [00:00<00:00, 870.72it/s]
Loading weights:  90%|████████▉ | 654/729 [00:00<00:00, 1047.85it/s]
Loading weights: 100%|██████████| 729/729 [00:00<00:00, 748.74it/s] 
layer 1: test accuracy = 1.000
layer 2: test accuracy = 1.000
layer 3: test accuracy = 1.000
layer 4: test accuracy = 1.000
layer 5: test accuracy = 1.000
layer 6: test accuracy = 1.000
layer 7: test accuracy = 1.000
layer 8: test accuracy = 1.000
