/opt/pytorch/lib/python3.13/site-packages/torch/cuda/__init__.py:63: FutureWarning: The pynvml package is deprecated. Please install nvidia-ml-py instead. If you did not install pynvml directly, please report this to the maintainers of the package that installed pynvml for you.
  import pynvml  # type: ignore[import]
Warning: You are sending unauthenticated requests to the HF Hub. Please set a HF_TOKEN to enable higher rate limits and faster downloads.

Fetching 5 files:   0%|          | 0/5 [00:00<?, ?it/s]
Fetching 5 files:  20%|██        | 1/5 [02:01<08:04, 121.21s/it]
Fetching 5 files:  40%|████      | 2/5 [02:09<02:43, 54.59s/it] 
Fetching 5 files: 100%|██████████| 5/5 [02:09<00:00, 25.83s/it]

Loading weights:   0%|          | 0/730 [00:00<?, ?it/s]
Loading weights:   0%|          | 1/730 [00:25<5:07:56, 25.34s/it]
Loading weights:   0%|          | 2/730 [00:28<2:30:47, 12.43s/it]
Loading weights:   7%|▋         | 53/730 [00:29<03:18,  3.42it/s] 
Loading weights:   8%|▊         | 60/730 [00:29<02:47,  3.99it/s]
Loading weights:   9%|▉         | 65/730 [00:33<03:35,  3.09it/s]
Loading weights:  10%|█         | 76/730 [00:35<03:02,  3.59it/s]
Loading weights:  11%|█         | 79/730 [00:37<03:32,  3.07it/s]
Loading weights:  12%|█▏        | 88/730 [00:39<03:02,  3.53it/s]
Loading weights:  12%|█▏        | 90/730 [00:40<03:38,  2.93it/s]
Loading weights:  17%|█▋        | 124/730 [00:41<01:12,  8.40it/s]
Loading weights:  17%|█▋        | 127/730 [00:42<01:20,  7.45it/s]
Loading weights:  19%|█▊        | 136/730 [00:45<01:48,  5.46it/s]
Loading weights:  19%|█▉        | 138/730 [00:46<01:56,  5.10it/s]
Loading weights:  20%|██        | 149/730 [00:48<02:04,  4.67it/s]
Loading weights:  22%|██▏       | 160/730 [00:50<01:43,  5.48it/s]
Loading weights:  22%|██▏       | 161/730 [00:50<01:43,  5.51it/s]
Loading weights:  22%|██▏       | 162/730 [00:52<02:36,  3.62it/s]
Loading weights:  24%|██▎       | 172/730 [00:54<02:14,  4.16it/s]
Loading weights:  24%|██▎       | 173/730 [00:54<02:10,  4.25it/s]
Loading weights:  25%|██▌       | 184/730 [00:57<02:29,  3.64it/s]
Loading weights:  25%|██▌       | 185/730 [00:58<02:28,  3.67it/s]
Loading weights:  25%|██▌       | 186/730 [00:58<02:25,  3.73it/s]
Loading weights:  27%|██▋       | 196/730 [01:00<01:58,  4.49it/s]
Loading weights:  27%|██▋       | 197/730 [01:01<02:56,  3.02it/s]
Loading weights:  27%|██▋       | 198/730 [01:02<02:58,  2.99it/s]
Loading weights:  28%|██▊       | 208/730 [01:04<02:10,  3.99it/s]
Loading weights:  29%|██▊       | 209/730 [01:04<02:05,  4.15it/s]
Loading weights:  29%|██▉       | 210/730 [01:06<03:26,  2.52it/s]
Loading weights:  30%|███       | 220/730 [01:08<02:28,  3.45it/s]
Loading weights:  32%|███▏      | 232/730 [01:11<02:27,  3.37it/s]
Loading weights:  32%|███▏      | 233/730 [01:12<02:37,  3.16it/s]
Loading weights:  33%|███▎      | 244/730 [01:14<01:59,  4.05it/s]
Loading weights:  34%|███▎      | 245/730 [01:15<02:35,  3.12it/s]
Loading weights:  34%|███▎      | 246/730 [01:16<02:40,  3.02it/s]
Loading weights:  35%|███▌      | 256/730 [01:18<02:11,  3.59it/s]
Loading weights:  35%|███▌      | 258/730 [01:19<02:33,  3.08it/s]
Loading weights:  37%|███▋      | 268/730 [01:22<02:10,  3.53it/s]
Loading weights:  37%|███▋      | 269/730 [01:22<02:13,  3.46it/s]
Loading weights:  38%|███▊      | 280/730 [01:25<02:11,  3.42it/s]
Loading weights:  38%|███▊      | 281/730 [01:26<02:17,  3.27it/s]
Loading weights:  39%|███▊      | 282/730 [01:26<02:21,  3.17it/s]
Loading weights:  40%|████      | 292/730 [01:28<01:44,  4.19it/s]
Loading weights:  40%|████      | 293/730 [01:29<02:18,  3.15it/s]
Loading weights:  40%|████      | 294/730 [01:30<02:36,  2.79it/s]
Loading weights:  42%|████▏     | 304/730 [01:32<01:56,  3.66it/s]
Loading weights:  42%|████▏     | 305/730 [01:32<01:53,  3.75it/s]
Loading weights:  42%|████▏     | 306/730 [01:33<02:21,  2.99it/s]
Loading weights:  43%|████▎     | 316/730 [01:36<02:05,  3.29it/s]
Loading weights:  43%|████▎     | 317/730 [01:36<01:59,  3.45it/s]
Loading weights:  44%|████▎     | 318/730 [01:37<02:00,  3.43it/s]
Loading weights:  45%|████▍     | 328/730 [01:39<01:50,  3.65it/s]
Loading weights:  45%|████▌     | 329/730 [01:40<02:11,  3.06it/s]
Loading weights:  50%|█████     | 367/730 [01:40<00:25, 14.46it/s]
Loading weights:  51%|█████     | 372/730 [01:41<00:22, 15.76it/s]
Loading weights:  52%|█████▏    | 381/730 [01:41<00:19, 18.13it/s]
Loading weights:  54%|█████▍    | 393/730 [01:41<00:15, 22.42it/s]
Loading weights:  55%|█████▍    | 398/730 [01:41<00:13, 24.51it/s]
Loading weights:  55%|█████▌    | 405/730 [01:41<00:12, 25.93it/s]
Loading weights:  57%|█████▋    | 417/730 [01:42<00:10, 31.01it/s]
Loading weights:  58%|█████▊    | 422/730 [01:42<00:09, 31.44it/s]
Loading weights:  59%|█████▉    | 429/730 [01:42<00:08, 34.54it/s]
Loading weights:  60%|██████    | 439/730 [01:42<00:06, 42.72it/s]
Loading weights:  61%|██████    | 445/730 [01:42<00:08, 35.11it/s]
Loading weights:  62%|██████▏   | 453/730 [01:43<00:07, 36.22it/s]
Loading weights:  63%|██████▎   | 458/730 [01:43<00:07, 37.56it/s]
Loading weights:  64%|██████▎   | 465/730 [01:43<00:07, 36.38it/s]
Loading weights:  65%|██████▌   | 475/730 [01:43<00:05, 45.10it/s]
Loading weights:  66%|██████▌   | 480/730 [01:43<00:06, 38.11it/s]
Loading weights:  67%|██████▋   | 489/730 [01:44<00:06, 35.25it/s]
Loading weights:  68%|██████▊   | 499/730 [01:44<00:05, 43.15it/s]
Loading weights:  69%|██████▉   | 504/730 [01:44<00:06, 35.28it/s]
Loading weights:  70%|███████   | 513/730 [01:44<00:05, 41.51it/s]
Loading weights:  72%|███████▏  | 523/730 [01:44<00:05, 41.31it/s]
Loading weights:  72%|███████▏  | 528/730 [01:44<00:05, 39.60it/s]
Loading weights:  74%|███████▎  | 537/730 [01:45<00:05, 37.52it/s]
Loading weights:  74%|███████▍  | 541/730 [01:45<00:05, 36.06it/s]
Loading weights:  75%|███████▌  | 549/730 [01:45<00:04, 43.87it/s]
Loading weights:  76%|███████▌  | 554/730 [01:45<00:04, 39.27it/s]
Loading weights:  77%|███████▋  | 561/730 [01:45<00:04, 40.08it/s]
Loading weights:  78%|███████▊  | 571/730 [01:45<00:03, 46.59it/s]
Loading weights:  79%|███████▉  | 576/730 [01:46<00:04, 37.26it/s]
Loading weights:  80%|████████  | 585/730 [01:46<00:03, 43.08it/s]
Loading weights:  81%|████████  | 590/730 [01:46<00:03, 35.16it/s]
Loading weights:  82%|████████▏ | 599/730 [01:46<00:03, 41.50it/s]
Loading weights:  83%|████████▎ | 607/730 [01:46<00:02, 42.78it/s]
Loading weights:  84%|████████▍ | 612/730 [01:47<00:02, 40.60it/s]
Loading weights:  85%|████████▍ | 619/730 [01:47<00:02, 45.73it/s]
Loading weights:  85%|████████▌ | 624/730 [01:47<00:03, 34.67it/s]
Loading weights:  87%|████████▋ | 633/730 [01:47<00:02, 36.86it/s]
Loading weights:  88%|████████▊ | 643/730 [01:47<00:02, 43.47it/s]
Loading weights:  89%|████████▉ | 648/730 [01:48<00:02, 36.80it/s]
Loading weights:  90%|█████████ | 657/730 [01:48<00:01, 40.93it/s]
Loading weights:  91%|█████████▏| 667/730 [01:48<00:01, 42.74it/s]
Loading weights:  92%|█████████▏| 672/730 [01:48<00:01, 39.38it/s]
Loading weights:  93%|█████████▎| 681/730 [01:48<00:01, 39.75it/s]
Loading weights:  94%|█████████▍| 686/730 [01:48<00:01, 40.99it/s]
Loading weights:  95%|█████████▍| 693/730 [01:49<00:00, 37.52it/s]
Loading weights:  96%|█████████▋| 703/730 [01:49<00:00, 43.60it/s]
Loading weights:  97%|█████████▋| 708/730 [01:49<00:00, 37.93it/s]
Loading weights:  98%|█████████▊| 717/730 [01:49<00:00, 40.13it/s]
Loading weights:  99%|█████████▉| 722/730 [01:49<00:00, 40.66it/s]
Loading weights: 100%|█████████▉| 727/730 [01:50<00:00, 22.63it/s]
Loading weights: 100%|██████████| 730/730 [01:50<00:00,  6.61it/s]
layer 1: test accuracy = 1.000
layer 2: test accuracy = 1.000
layer 3: test accuracy = 1.000
layer 4: test accuracy = 1.000
layer 5: test accuracy = 1.000
layer 6: test accuracy = 1.000
layer 7: test accuracy = 1.000
layer 8: test accuracy = 1.000
